

Started GET "/assets/rails.png" for 127.0.0.1 at 2012-06-02 16:42:53 +0300
Served asset /rails.png - 200 OK (140ms)


Started GET "/pages/home" for 127.0.0.1 at 2012-06-02 16:57:34 +0300
Processing by PagesController#home as HTML
  Rendered pages/home.html.erb within layouts/application (109.4ms)
Compiled pages.css  (125ms)  (pid 1396)
Compiled application.css  (218ms)  (pid 1396)
Compiled jquery.js  (15ms)  (pid 1396)
Compiled jquery_ujs.js  (0ms)  (pid 1396)
Compiled pages.js  (1156ms)  (pid 1396)
Compiled application.js  (1812ms)  (pid 1396)
Completed 200 OK in 3078ms (Views: 3078.1ms | ActiveRecord: 0.0ms)


Started GET "/assets/application.css?body=1" for 127.0.0.1 at 2012-06-02 16:57:41 +0300
Served asset /application.css - 200 OK (15ms)


Started GET "/assets/jquery.js?body=1" for 127.0.0.1 at 2012-06-02 16:57:41 +0300
Served asset /jquery.js - 200 OK (15ms)


Started GET "/assets/pages.css?body=1" for 127.0.0.1 at 2012-06-02 16:57:41 +0300
Served asset /pages.css - 200 OK (15ms)


Started GET "/assets/pages.js?body=1" for 127.0.0.1 at 2012-06-02 16:57:41 +0300
Served asset /pages.js - 200 OK (15ms)


Started GET "/assets/jquery_ujs.js?body=1" for 127.0.0.1 at 2012-06-02 16:57:41 +0300
Served asset /jquery_ujs.js - 200 OK (0ms)


Started GET "/assets/application.js?body=1" for 127.0.0.1 at 2012-06-02 16:57:41 +0300
Served asset /application.js - 200 OK (15ms)


Started GET "/pages/contact" for 127.0.0.1 at 2012-06-02 16:58:33 +0300
Processing by PagesController#contact as HTML
  Rendered pages/contact.html.erb within layouts/application (0.0ms)
Completed 200 OK in 16ms (Views: 15.6ms | ActiveRecord: 0.0ms)


Started GET "/assets/application.css?body=1" for 127.0.0.1 at 2012-06-02 16:58:33 +0300
Served asset /application.css - 304 Not Modified (0ms)


Started GET "/assets/jquery_ujs.js?body=1" for 127.0.0.1 at 2012-06-02 16:58:33 +0300
Served asset /jquery_ujs.js - 304 Not Modified (0ms)


Started GET "/assets/application.js?body=1" for 127.0.0.1 at 2012-06-02 16:58:33 +0300
Served asset /application.js - 304 Not Modified (0ms)


Started GET "/assets/jquery.js?body=1" for 127.0.0.1 at 2012-06-02 16:58:33 +0300
Served asset /jquery.js - 304 Not Modified (0ms)


Started GET "/assets/pages.css?body=1" for 127.0.0.1 at 2012-06-02 16:58:33 +0300
Served asset /pages.css - 304 Not Modified (0ms)


Started GET "/assets/pages.js?body=1" for 127.0.0.1 at 2012-06-02 16:58:33 +0300
Served asset /pages.js - 304 Not Modified (0ms)


Started GET "/pages/about" for 127.0.0.1 at 2012-06-02 17:54:06 +0300
Processing by PagesController#about as HTML
  Rendered pages/about.html.erb within layouts/application (156.2ms)
Completed 200 OK in 719ms (Views: 703.1ms | ActiveRecord: 0.0ms)


Started GET "/assets/jquery.js?body=1" for 127.0.0.1 at 2012-06-02 17:54:12 +0300
Served asset /jquery.js - 304 Not Modified (31ms)


Started GET "/assets/jquery_ujs.js?body=1" for 127.0.0.1 at 2012-06-02 17:54:12 +0300
Served asset /jquery_ujs.js - 304 Not Modified (0ms)


Started GET "/assets/pages.css?body=1" for 127.0.0.1 at 2012-06-02 17:54:12 +0300
Served asset /pages.css - 304 Not Modified (93ms)


Started GET "/assets/application.js?body=1" for 127.0.0.1 at 2012-06-02 17:54:12 +0300
Served asset /application.js - 304 Not Modified (15ms)


Started GET "/assets/application.css?body=1" for 127.0.0.1 at 2012-06-02 17:54:12 +0300
Served asset /application.css - 304 Not Modified (15ms)


Started GET "/assets/pages.js?body=1" for 127.0.0.1 at 2012-06-02 17:54:12 +0300
Served asset /pages.js - 304 Not Modified (0ms)


Started GET "/pages/about" for 127.0.0.1 at 2012-06-02 17:54:34 +0300
Processing by PagesController#about as HTML
  Rendered pages/about.html.erb within layouts/application (0.0ms)
Completed 200 OK in 16ms (Views: 15.6ms | ActiveRecord: 0.0ms)


Started GET "/assets/pages.js?body=1" for 127.0.0.1 at 2012-06-02 17:54:34 +0300
Served asset /pages.js - 304 Not Modified (0ms)


Started GET "/assets/jquery.js?body=1" for 127.0.0.1 at 2012-06-02 17:54:34 +0300
Served asset /jquery.js - 304 Not Modified (0ms)


Started GET "/assets/application.css?body=1" for 127.0.0.1 at 2012-06-02 17:54:34 +0300
Served asset /application.css - 304 Not Modified (0ms)


Started GET "/assets/pages.css?body=1" for 127.0.0.1 at 2012-06-02 17:54:34 +0300
Served asset /pages.css - 304 Not Modified (0ms)


Started GET "/assets/jquery_ujs.js?body=1" for 127.0.0.1 at 2012-06-02 17:54:34 +0300
Served asset /jquery_ujs.js - 304 Not Modified (0ms)


Started GET "/assets/application.js?body=1" for 127.0.0.1 at 2012-06-02 17:54:34 +0300
Served asset /application.js - 304 Not Modified (0ms)


Started GET "/pages/home" for 127.0.0.1 at 2012-06-02 18:13:34 +0300
Processing by PagesController#home as HTML
  Rendered pages/home.html.erb within layouts/application (156.2ms)
Completed 200 OK in 656ms (Views: 656.2ms | ActiveRecord: 0.0ms)


Started GET "/assets/application.js?body=1" for 127.0.0.1 at 2012-06-02 18:13:39 +0300
Served asset /application.js - 304 Not Modified (31ms)


Started GET "/assets/jquery_ujs.js?body=1" for 127.0.0.1 at 2012-06-02 18:13:39 +0300
Served asset /jquery_ujs.js - 304 Not Modified (0ms)


Started GET "/assets/jquery.js?body=1" for 127.0.0.1 at 2012-06-02 18:13:39 +0300
Served asset /jquery.js - 304 Not Modified (46ms)


Started GET "/assets/pages.css?body=1" for 127.0.0.1 at 2012-06-02 18:13:39 +0300
Served asset /pages.css - 304 Not Modified (0ms)


Started GET "/assets/pages.js?body=1" for 127.0.0.1 at 2012-06-02 18:13:39 +0300
Served asset /pages.js - 304 Not Modified (0ms)


Started GET "/assets/application.css?body=1" for 127.0.0.1 at 2012-06-02 18:13:39 +0300
Served asset /application.css - 304 Not Modified (15ms)


Started GET "/pages/home" for 127.0.0.1 at 2012-06-02 18:14:13 +0300
Processing by PagesController#home as HTML
  Rendered pages/home.html.erb within layouts/application (0.0ms)
Completed 200 OK in 16ms (Views: 15.6ms | ActiveRecord: 0.0ms)


Started GET "/assets/application.css?body=1" for 127.0.0.1 at 2012-06-02 18:14:13 +0300
Served asset /application.css - 304 Not Modified (0ms)


Started GET "/assets/application.js?body=1" for 127.0.0.1 at 2012-06-02 18:14:13 +0300
Served asset /application.js - 304 Not Modified (0ms)


Started GET "/assets/pages.js?body=1" for 127.0.0.1 at 2012-06-02 18:14:13 +0300
Served asset /pages.js - 304 Not Modified (0ms)


Started GET "/assets/jquery.js?body=1" for 127.0.0.1 at 2012-06-02 18:14:13 +0300
Served asset /jquery.js - 304 Not Modified (0ms)


Started GET "/assets/pages.css?body=1" for 127.0.0.1 at 2012-06-02 18:14:13 +0300
Served asset /pages.css - 304 Not Modified (0ms)


Started GET "/assets/jquery_ujs.js?body=1" for 127.0.0.1 at 2012-06-02 18:14:13 +0300
Served asset /jquery_ujs.js - 304 Not Modified (0ms)


Started GET "/pages/home.html.erb" for 127.0.0.1 at 2012-06-02 18:14:35 +0300

ActionController::RoutingError (No route matches [GET] "/pages/home.html.erb"):
  actionpack (3.2.3) lib/action_dispatch/middleware/debug_exceptions.rb:21:in `call'
  actionpack (3.2.3) lib/action_dispatch/middleware/show_exceptions.rb:56:in `call'
  railties (3.2.3) lib/rails/rack/logger.rb:26:in `call_app'
  railties (3.2.3) lib/rails/rack/logger.rb:16:in `call'
  actionpack (3.2.3) lib/action_dispatch/middleware/request_id.rb:22:in `call'
  rack (1.4.1) lib/rack/methodoverride.rb:21:in `call'
  rack (1.4.1) lib/rack/runtime.rb:17:in `call'
  activesupport (3.2.3) lib/active_support/cache/strategy/local_cache.rb:72:in `call'
  rack (1.4.1) lib/rack/lock.rb:15:in `call'
  actionpack (3.2.3) lib/action_dispatch/middleware/static.rb:62:in `call'
  railties (3.2.3) lib/rails/engine.rb:479:in `call'
  railties (3.2.3) lib/rails/application.rb:220:in `call'
  rack (1.4.1) lib/rack/content_length.rb:14:in `call'
  railties (3.2.3) lib/rails/rack/log_tailer.rb:14:in `call'
  rack (1.4.1) lib/rack/handler/webrick.rb:59:in `service'
  C:/Ruby192/lib/ruby/1.9.1/webrick/httpserver.rb:111:in `service'
  C:/Ruby192/lib/ruby/1.9.1/webrick/httpserver.rb:70:in `run'
  C:/Ruby192/lib/ruby/1.9.1/webrick/server.rb:183:in `block in start_thread'


  Rendered C:/Ruby192/lib/ruby/gems/1.9.1/gems/actionpack-3.2.3/lib/action_dispatch/middleware/templates/rescues/routing_error.erb within rescues/layout (0.0ms)


Started GET "/pages/home.html" for 127.0.0.1 at 2012-06-02 18:14:43 +0300
Processing by PagesController#home as HTML
  Rendered pages/home.html.erb within layouts/application (0.0ms)
Completed 200 OK in 16ms (Views: 15.6ms | ActiveRecord: 0.0ms)


Started GET "/assets/application.js?body=1" for 127.0.0.1 at 2012-06-02 18:14:43 +0300
Served asset /application.js - 304 Not Modified (0ms)


Started GET "/assets/pages.js?body=1" for 127.0.0.1 at 2012-06-02 18:14:43 +0300
Served asset /pages.js - 304 Not Modified (0ms)


Started GET "/assets/jquery_ujs.js?body=1" for 127.0.0.1 at 2012-06-02 18:14:43 +0300
Served asset /jquery_ujs.js - 304 Not Modified (0ms)


Started GET "/assets/pages.css?body=1" for 127.0.0.1 at 2012-06-02 18:14:43 +0300
Served asset /pages.css - 304 Not Modified (0ms)


Started GET "/assets/jquery.js?body=1" for 127.0.0.1 at 2012-06-02 18:14:43 +0300
Served asset /jquery.js - 304 Not Modified (0ms)


Started GET "/assets/application.css?body=1" for 127.0.0.1 at 2012-06-02 18:14:43 +0300
Served asset /application.css - 304 Not Modified (0ms)


Started GET "/pages/home.html" for 127.0.0.1 at 2012-06-02 18:14:45 +0300
Processing by PagesController#home as HTML
  Rendered pages/home.html.erb within layouts/application (0.0ms)
Completed 200 OK in 0ms (Views: 0.0ms | ActiveRecord: 0.0ms)


Started GET "/assets/application.css?body=1" for 127.0.0.1 at 2012-06-02 18:14:45 +0300
Served asset /application.css - 304 Not Modified (0ms)


Started GET "/assets/jquery_ujs.js?body=1" for 127.0.0.1 at 2012-06-02 18:14:45 +0300
Served asset /jquery_ujs.js - 304 Not Modified (0ms)


Started GET "/assets/pages.js?body=1" for 127.0.0.1 at 2012-06-02 18:14:45 +0300
Served asset /pages.js - 304 Not Modified (0ms)


Started GET "/assets/jquery.js?body=1" for 127.0.0.1 at 2012-06-02 18:14:45 +0300
Served asset /jquery.js - 304 Not Modified (0ms)


Started GET "/assets/pages.css?body=1" for 127.0.0.1 at 2012-06-02 18:14:45 +0300
Served asset /pages.css - 304 Not Modified (0ms)


Started GET "/assets/application.js?body=1" for 127.0.0.1 at 2012-06-02 18:14:45 +0300
Served asset /application.js - 304 Not Modified (0ms)


Started GET "/pages/home.html" for 127.0.0.1 at 2012-06-02 18:14:47 +0300
Processing by PagesController#home as HTML
  Rendered pages/home.html.erb within layouts/application (0.0ms)
Completed 200 OK in 16ms (Views: 15.6ms | ActiveRecord: 0.0ms)


Started GET "/assets/application.js?body=1" for 127.0.0.1 at 2012-06-02 18:14:47 +0300
Served asset /application.js - 304 Not Modified (0ms)


Started GET "/assets/application.css?body=1" for 127.0.0.1 at 2012-06-02 18:14:47 +0300
Served asset /application.css - 304 Not Modified (0ms)


Started GET "/assets/pages.css?body=1" for 127.0.0.1 at 2012-06-02 18:14:47 +0300
Served asset /pages.css - 304 Not Modified (0ms)


Started GET "/assets/jquery.js?body=1" for 127.0.0.1 at 2012-06-02 18:14:47 +0300
Served asset /jquery.js - 304 Not Modified (0ms)


Started GET "/assets/jquery_ujs.js?body=1" for 127.0.0.1 at 2012-06-02 18:14:47 +0300
Served asset /jquery_ujs.js - 304 Not Modified (0ms)


Started GET "/assets/pages.js?body=1" for 127.0.0.1 at 2012-06-02 18:14:47 +0300
Served asset /pages.js - 304 Not Modified (0ms)


Started GET "/pages/home.html" for 127.0.0.1 at 2012-06-02 18:14:48 +0300
Processing by PagesController#home as HTML
  Rendered pages/home.html.erb within layouts/application (0.0ms)
Completed 200 OK in 16ms (Views: 15.6ms | ActiveRecord: 0.0ms)


Started GET "/assets/jquery_ujs.js?body=1" for 127.0.0.1 at 2012-06-02 18:14:48 +0300
Served asset /jquery_ujs.js - 304 Not Modified (0ms)


Started GET "/assets/application.js?body=1" for 127.0.0.1 at 2012-06-02 18:14:48 +0300
Served asset /application.js - 304 Not Modified (0ms)


Started GET "/assets/pages.js?body=1" for 127.0.0.1 at 2012-06-02 18:14:48 +0300
Served asset /pages.js - 304 Not Modified (0ms)


Started GET "/assets/jquery.js?body=1" for 127.0.0.1 at 2012-06-02 18:14:48 +0300
Served asset /jquery.js - 304 Not Modified (0ms)


Started GET "/assets/pages.css?body=1" for 127.0.0.1 at 2012-06-02 18:14:48 +0300
Served asset /pages.css - 304 Not Modified (0ms)


Started GET "/assets/application.css?body=1" for 127.0.0.1 at 2012-06-02 18:14:48 +0300
Served asset /application.css - 304 Not Modified (0ms)


Started GET "/pages/home" for 127.0.0.1 at 2012-06-02 18:14:52 +0300
Processing by PagesController#home as HTML
  Rendered pages/home.html.erb within layouts/application (0.0ms)
Completed 200 OK in 16ms (Views: 15.6ms | ActiveRecord: 0.0ms)


Started GET "/assets/jquery.js?body=1" for 127.0.0.1 at 2012-06-02 18:14:52 +0300
Served asset /jquery.js - 304 Not Modified (0ms)


Started GET "/assets/application.css?body=1" for 127.0.0.1 at 2012-06-02 18:14:52 +0300
Served asset /application.css - 304 Not Modified (0ms)


Started GET "/assets/pages.js?body=1" for 127.0.0.1 at 2012-06-02 18:14:52 +0300
Served asset /pages.js - 304 Not Modified (0ms)


Started GET "/assets/application.js?body=1" for 127.0.0.1 at 2012-06-02 18:14:52 +0300
Served asset /application.js - 304 Not Modified (0ms)


Started GET "/assets/jquery_ujs.js?body=1" for 127.0.0.1 at 2012-06-02 18:14:52 +0300
Served asset /jquery_ujs.js - 304 Not Modified (0ms)


Started GET "/assets/pages.css?body=1" for 127.0.0.1 at 2012-06-02 18:14:52 +0300
Served asset /pages.css - 304 Not Modified (0ms)


Started GET "/assets/rails.png" for 127.0.0.1 at 2012-06-02 19:17:33 +0300
Served asset /rails.png - 200 OK (15ms)


Started GET "/page/about" for 127.0.0.1 at 2012-06-02 19:17:53 +0300

ActionController::RoutingError (No route matches [GET] "/page/about"):
  actionpack (3.2.3) lib/action_dispatch/middleware/debug_exceptions.rb:21:in `call'
  actionpack (3.2.3) lib/action_dispatch/middleware/show_exceptions.rb:56:in `call'
  railties (3.2.3) lib/rails/rack/logger.rb:26:in `call_app'
  railties (3.2.3) lib/rails/rack/logger.rb:16:in `call'
  actionpack (3.2.3) lib/action_dispatch/middleware/request_id.rb:22:in `call'
  rack (1.4.1) lib/rack/methodoverride.rb:21:in `call'
  rack (1.4.1) lib/rack/runtime.rb:17:in `call'
  activesupport (3.2.3) lib/active_support/cache/strategy/local_cache.rb:72:in `call'
  rack (1.4.1) lib/rack/lock.rb:15:in `call'
  actionpack (3.2.3) lib/action_dispatch/middleware/static.rb:62:in `call'
  railties (3.2.3) lib/rails/engine.rb:479:in `call'
  railties (3.2.3) lib/rails/application.rb:220:in `call'
  rack (1.4.1) lib/rack/content_length.rb:14:in `call'
  railties (3.2.3) lib/rails/rack/log_tailer.rb:14:in `call'
  rack (1.4.1) lib/rack/handler/webrick.rb:59:in `service'
  C:/Ruby192/lib/ruby/1.9.1/webrick/httpserver.rb:111:in `service'
  C:/Ruby192/lib/ruby/1.9.1/webrick/httpserver.rb:70:in `run'
  C:/Ruby192/lib/ruby/1.9.1/webrick/server.rb:183:in `block in start_thread'


  Rendered C:/Ruby192/lib/ruby/gems/1.9.1/gems/actionpack-3.2.3/lib/action_dispatch/middleware/templates/rescues/routing_error.erb within rescues/layout (125.0ms)


Started GET "/about" for 127.0.0.1 at 2012-06-02 19:18:04 +0300

ActionController::RoutingError (No route matches [GET] "/about"):
  actionpack (3.2.3) lib/action_dispatch/middleware/debug_exceptions.rb:21:in `call'
  actionpack (3.2.3) lib/action_dispatch/middleware/show_exceptions.rb:56:in `call'
  railties (3.2.3) lib/rails/rack/logger.rb:26:in `call_app'
  railties (3.2.3) lib/rails/rack/logger.rb:16:in `call'
  actionpack (3.2.3) lib/action_dispatch/middleware/request_id.rb:22:in `call'
  rack (1.4.1) lib/rack/methodoverride.rb:21:in `call'
  rack (1.4.1) lib/rack/runtime.rb:17:in `call'
  activesupport (3.2.3) lib/active_support/cache/strategy/local_cache.rb:72:in `call'
  rack (1.4.1) lib/rack/lock.rb:15:in `call'
  actionpack (3.2.3) lib/action_dispatch/middleware/static.rb:62:in `call'
  railties (3.2.3) lib/rails/engine.rb:479:in `call'
  railties (3.2.3) lib/rails/application.rb:220:in `call'
  rack (1.4.1) lib/rack/content_length.rb:14:in `call'
  railties (3.2.3) lib/rails/rack/log_tailer.rb:14:in `call'
  rack (1.4.1) lib/rack/handler/webrick.rb:59:in `service'
  C:/Ruby192/lib/ruby/1.9.1/webrick/httpserver.rb:111:in `service'
  C:/Ruby192/lib/ruby/1.9.1/webrick/httpserver.rb:70:in `run'
  C:/Ruby192/lib/ruby/1.9.1/webrick/server.rb:183:in `block in start_thread'


  Rendered C:/Ruby192/lib/ruby/gems/1.9.1/gems/actionpack-3.2.3/lib/action_dispatch/middleware/templates/rescues/routing_error.erb within rescues/layout (0.0ms)


Started GET "/pages/about" for 127.0.0.1 at 2012-06-02 19:19:34 +0300
Processing by PagesController#about as HTML
  Rendered pages/about.html.erb within layouts/application (0.0ms)
Completed 200 OK in 203ms (Views: 203.1ms | ActiveRecord: 0.0ms)


Started GET "/assets/application.css?body=1" for 127.0.0.1 at 2012-06-02 19:19:34 +0300
Served asset /application.css - 200 OK (0ms)


Started GET "/assets/pages.css?body=1" for 127.0.0.1 at 2012-06-02 19:19:34 +0300
Served asset /pages.css - 200 OK (0ms)


Started GET "/assets/jquery.js?body=1" for 127.0.0.1 at 2012-06-02 19:19:34 +0300
Served asset /jquery.js - 200 OK (0ms)


Started GET "/assets/jquery_ujs.js?body=1" for 127.0.0.1 at 2012-06-02 19:19:34 +0300
Served asset /jquery_ujs.js - 200 OK (15ms)


Started GET "/assets/pages.js?body=1" for 127.0.0.1 at 2012-06-02 19:19:34 +0300
Served asset /pages.js - 200 OK (15ms)


Started GET "/assets/application.js?body=1" for 127.0.0.1 at 2012-06-02 19:19:34 +0300
Served asset /application.js - 200 OK (62ms)


Started GET "/pages/about" for 127.0.0.1 at 2012-06-02 19:22:55 +0300
Processing by PagesController#about as HTML
  Rendered pages/about.html.erb (156.2ms)
Completed 200 OK in 453ms (Views: 453.1ms | ActiveRecord: 0.0ms)


Started GET "/pages/contact" for 127.0.0.1 at 2012-06-02 19:23:11 +0300
Processing by PagesController#contact as HTML
  Rendered pages/contact.html.erb (0.0ms)
Completed 200 OK in 16ms (Views: 0.0ms | ActiveRecord: 0.0ms)


Started GET "/pages/contact" for 127.0.0.1 at 2012-06-02 19:23:57 +0300
Processing by PagesController#contact as HTML
  Rendered pages/contact.html.erb (0.0ms)
Completed 200 OK in 16ms (Views: 15.6ms | ActiveRecord: 0.0ms)


Started GET "/pages/contact" for 127.0.0.1 at 2012-06-02 19:23:58 +0300
Processing by PagesController#contact as HTML
  Rendered pages/contact.html.erb (0.0ms)
Completed 200 OK in 0ms (Views: 0.0ms | ActiveRecord: 0.0ms)


Started GET "/pages/contact" for 127.0.0.1 at 2012-06-02 19:23:59 +0300
Processing by PagesController#contact as HTML
  Rendered pages/contact.html.erb (15.6ms)
Completed 200 OK in 16ms (Views: 15.6ms | ActiveRecord: 0.0ms)


Started GET "/pages/contact" for 127.0.0.1 at 2012-06-02 19:24:16 +0300
Processing by PagesController#contact as HTML
  Rendered pages/contact.html.erb (0.0ms)
Completed 200 OK in 0ms (Views: 0.0ms | ActiveRecord: 0.0ms)


Started GET "/pages/contact" for 127.0.0.1 at 2012-06-02 19:24:44 +0300
Processing by PagesController#contact as HTML
  Rendered pages/contact.html.erb (0.0ms)
Completed 200 OK in 16ms (Views: 15.6ms | ActiveRecord: 0.0ms)


Started GET "/pages/contact" for 127.0.0.1 at 2012-06-02 19:24:56 +0300
Processing by PagesController#contact as HTML
  Rendered pages/contact.html.erb (0.0ms)
Completed 200 OK in 16ms (Views: 15.6ms | ActiveRecord: 0.0ms)


Started GET "/pages/about" for 127.0.0.1 at 2012-06-02 19:25:09 +0300
Processing by PagesController#about as HTML
  Rendered pages/about.html.erb (0.0ms)
Completed 200 OK in 16ms (Views: 15.6ms | ActiveRecord: 0.0ms)


Started GET "/pages/about" for 127.0.0.1 at 2012-06-02 19:25:20 +0300
Processing by PagesController#about as HTML
  Rendered pages/about.html.erb (0.0ms)
Completed 200 OK in 0ms (Views: 0.0ms | ActiveRecord: 0.0ms)


Started GET "/pages/home" for 127.0.0.1 at 2012-06-02 19:25:31 +0300
Processing by PagesController#home as HTML
  Rendered pages/home.html.erb (0.0ms)
Completed 200 OK in 16ms (Views: 15.6ms | ActiveRecord: 0.0ms)


Started GET "/pages/home" for 127.0.0.1 at 2012-06-02 19:28:15 +0300
Processing by PagesController#home as HTML
  Rendered pages/home.html.erb (0.0ms)
Completed 200 OK in 0ms (Views: 0.0ms | ActiveRecord: 0.0ms)


Started GET "/pages/home" for 127.0.0.1 at 2012-06-02 19:32:04 +0300
Processing by PagesController#home as HTML
  Rendered pages/home.html.erb within layouts/application (0.0ms)
Completed 200 OK in 16ms (Views: 15.6ms | ActiveRecord: 0.0ms)


Started GET "/pages/home" for 127.0.0.1 at 2012-06-02 19:32:04 +0300
Processing by PagesController#home as HTML
  Rendered pages/home.html.erb within layouts/application (0.0ms)
Completed 200 OK in 16ms (Views: 15.6ms | ActiveRecord: 0.0ms)


Started GET "/pages/home" for 127.0.0.1 at 2012-06-02 19:32:06 +0300
Processing by PagesController#home as HTML
  Rendered pages/home.html.erb within layouts/application (0.0ms)
Completed 200 OK in 16ms (Views: 15.6ms | ActiveRecord: 0.0ms)


Started GET "/pages/about" for 127.0.0.1 at 2012-06-02 19:32:58 +0300
Processing by PagesController#about as HTML
  Rendered pages/about.html.erb within layouts/application (0.0ms)
Completed 200 OK in 0ms (Views: 0.0ms | ActiveRecord: 0.0ms)


Started GET "/pages/about" for 127.0.0.1 at 2012-06-02 19:34:06 +0300
Processing by PagesController#about as HTML
  Rendered pages/about.html.erb within layouts/application (0.0ms)
Completed 200 OK in 16ms (Views: 15.6ms | ActiveRecord: 0.0ms)


Started GET "/pages/home" for 127.0.0.1 at 2012-06-02 19:34:12 +0300
Processing by PagesController#home as HTML
  Rendered pages/home.html.erb within layouts/application (0.0ms)
Completed 200 OK in 16ms (Views: 15.6ms | ActiveRecord: 0.0ms)


Started GET "/pages/contact" for 127.0.0.1 at 2012-06-02 19:34:18 +0300
Processing by PagesController#contact as HTML
  Rendered pages/contact.html.erb within layouts/application (0.0ms)
Completed 200 OK in 16ms (Views: 15.6ms | ActiveRecord: 0.0ms)
