Compiled jquery.js  (15ms)  (pid 2816)
Compiled jquery_ujs.js  (0ms)  (pid 2816)
Compiled pages.js  (906ms)  (pid 2816)
Compiled users.js  (234ms)  (pid 2816)
Compiled application.js  (1656ms)  (pid 2816)
Compiled jquery.js  (46ms)  (pid 2432)
Compiled jquery_ujs.js  (0ms)  (pid 2432)
Compiled pages.js  (515ms)  (pid 2432)
Compiled users.js  (218ms)  (pid 2432)
Compiled application.js  (1109ms)  (pid 2432)
Compiled blueprint/ie.css  (0ms)  (pid 2432)
Compiled blueprint/plugins/buttons/screen.css  (0ms)  (pid 2432)
Compiled blueprint/plugins/fancy-type/screen.css  (0ms)  (pid 2432)
Compiled blueprint/plugins/link-icons/screen.css  (0ms)  (pid 2432)
Compiled blueprint/plugins/rtl/screen.css  (0ms)  (pid 2432)
Compiled blueprint/print.css  (0ms)  (pid 2432)
Compiled blueprint/screen.css  (0ms)  (pid 2432)
Compiled blueprint/src/forms.css  (0ms)  (pid 2432)
Compiled blueprint/src/grid.css  (0ms)  (pid 2432)
Compiled blueprint/src/ie.css  (0ms)  (pid 2432)
Compiled blueprint/src/print.css  (0ms)  (pid 2432)
Compiled blueprint/src/reset.css  (0ms)  (pid 2432)
Compiled blueprint/src/typography.css  (0ms)  (pid 2432)
Compiled custom.css  (0ms)  (pid 2432)
Compiled pages.css  (140ms)  (pid 2432)
Compiled users.css  (0ms)  (pid 2432)
Compiled application.css  (2093ms)  (pid 2432)
Compiled jquery.js  (15ms)  (pid 2324)
Compiled jquery_ujs.js  (0ms)  (pid 2324)
Compiled pages.js  (453ms)  (pid 2324)
Compiled users.js  (250ms)  (pid 2324)
Compiled application.js  (1078ms)  (pid 2324)
